# JRE version: Java(TM) SE Runtime Environment (8.0_102-b14) (build 1.8.0_102-b14)
# Java VM: Java HotSpot(TM) 64-Bit Server VM (25.102-b14 mixed mode windows-amd64 compressed oops)
Heap:
 PSYoungGen      total 202240K, used 95420K [0x00000000e0000000, 0x00000000f0c00000, 0x0000000100000000)
  eden space 167936K, 39% used [0x00000000e0000000,0x00000000e407d368,0x00000000ea400000)
  from space 34304K, 85% used [0x00000000ea400000,0x00000000ec0b2068,0x00000000ec580000)
  to   space 38400K, 0% used [0x00000000ee680000,0x00000000ee680000,0x00000000f0c00000)
 ParOldGen       total 158208K, used 62932K [0x00000000a0000000, 0x00000000a9a80000, 0x00000000e0000000)
  object space 158208K, 39% used [0x00000000a0000000,0x00000000a3d75108,0x00000000a9a80000)
 Metaspace       used 67892K, capacity 70470K, committed 70784K, reserved 1110016K
  class space    used 8810K, capacity 9463K, committed 9600K, reserved 1048576K
GC Heap History (10 events):
Event: 270.709 GC heap before
{Heap before GC invocations=30 (full 4):
 PSYoungGen      total 154112K, used 13816K [0x00000000e0000000, 0x00000000eb380000, 0x0000000100000000)
  eden space 140288K, 0% used [0x00000000e0000000,0x00000000e0000000,0x00000000e8900000)
  from space 13824K, 99% used [0x00000000e9e00000,0x00000000eab7e0e0,0x00000000eab80000)
  to   space 21504K, 0% used [0x00000000e8900000,0x00000000e8900000,0x00000000e9e00000)
 ParOldGen       total 70144K, used 69861K [0x00000000a0000000, 0x00000000a4480000, 0x00000000e0000000)
  object space 70144K, 99% used [0x00000000a0000000,0x00000000a4439420,0x00000000a4480000)
 Metaspace       used 62391K, capacity 64962K, committed 65152K, reserved 1105920K
  class space    used 8394K, capacity 9035K, committed 9088K, reserved 1048576K
Event: 271.390 GC heap after
Heap after GC invocations=30 (full 4):
 PSYoungGen      total 154112K, used 7546K [0x00000000e0000000, 0x00000000eb380000, 0x0000000100000000)
  eden space 140288K, 0% used [0x00000000e0000000,0x00000000e0000000,0x00000000e8900000)
  from space 13824K, 54% used [0x00000000e9e00000,0x00000000ea55eb08,0x00000000eab80000)
  to   space 21504K, 0% used [0x00000000e8900000,0x00000000e8900000,0x00000000e9e00000)
 ParOldGen       total 137728K, used 70067K [0x00000000a0000000, 0x00000000a8680000, 0x00000000e0000000)
  object space 137728K, 50% used [0x00000000a0000000,0x00000000a446cfa8,0x00000000a8680000)
 Metaspace       used 62389K, capacity 64956K, committed 65152K, reserved 1105920K
  class space    used 8393K, capacity 9034K, committed 9088K, reserved 1048576K
}
Event: 274.296 GC heap before
{Heap before GC invocations=31 (full 4):
 PSYoungGen      total 154112K, used 147834K [0x00000000e0000000, 0x00000000eb380000, 0x0000000100000000)
  eden space 140288K, 100% used [0x00000000e0000000,0x00000000e8900000,0x00000000e8900000)
  from space 13824K, 54% used [0x00000000e9e00000,0x00000000ea55eb08,0x00000000eab80000)
  to   space 21504K, 0% used [0x00000000e8900000,0x00000000e8900000,0x00000000e9e00000)
 ParOldGen       total 137728K, used 70067K [0x00000000a0000000, 0x00000000a8680000, 0x00000000e0000000)
  object space 137728K, 50% used [0x00000000a0000000,0x00000000a446cfa8,0x00000000a8680000)
 Metaspace       used 65077K, capacity 67748K, committed 67840K, reserved 1107968K
  class space    used 8725K, capacity 9404K, committed 9472K, reserved 1048576K
Event: 274.357 GC heap after
Heap after GC invocations=31 (full 4):
 PSYoungGen      total 161792K, used 21499K [0x00000000e0000000, 0x00000000ee780000, 0x0000000100000000)
  eden space 140288K, 0% used [0x00000000e0000000,0x00000000e0000000,0x00000000e8900000)
  from space 21504K, 99% used [0x00000000e8900000,0x00000000e9dfef88,0x00000000e9e00000)
  to   space 34816K, 0% used [0x00000000ec580000,0x00000000ec580000,0x00000000ee780000)
 ParOldGen       total 137728K, used 97280K [0x00000000a0000000, 0x00000000a8680000, 0x00000000e0000000)
  object space 137728K, 70% used [0x00000000a0000000,0x00000000a5f001c0,0x00000000a8680000)
 Metaspace       used 65077K, capacity 67748K, committed 67840K, reserved 1107968K
  class space    used 8725K, capacity 9404K, committed 9472K, reserved 1048576K
}
Event: 279.437 GC heap before
{Heap before GC invocations=32 (full 4):
 PSYoungGen      total 161792K, used 161787K [0x00000000e0000000, 0x00000000ee780000, 0x0000000100000000)
  eden space 140288K, 100% used [0x00000000e0000000,0x00000000e8900000,0x00000000e8900000)
  from space 21504K, 99% used [0x00000000e8900000,0x00000000e9dfef88,0x00000000e9e00000)
  to   space 34816K, 0% used [0x00000000ec580000,0x00000000ec580000,0x00000000ee780000)
 ParOldGen       total 137728K, used 97280K [0x00000000a0000000, 0x00000000a8680000, 0x00000000e0000000)
  object space 137728K, 70% used [0x00000000a0000000,0x00000000a5f001c0,0x00000000a8680000)
 Metaspace       used 66469K, capacity 69060K, committed 69248K, reserved 1110016K
  class space    used 8810K, capacity 9500K, committed 9600K, reserved 1048576K
Event: 279.535 GC heap after
Heap after GC invocations=32 (full 4):
 PSYoungGen      total 202752K, used 17490K [0x00000000e0000000, 0x00000000ee800000, 0x0000000100000000)
  eden space 167936K, 0% used [0x00000000e0000000,0x00000000e0000000,0x00000000ea400000)
  from space 34816K, 50% used [0x00000000ec580000,0x00000000ed694808,0x00000000ee780000)
  to   space 34304K, 0% used [0x00000000ea400000,0x00000000ea400000,0x00000000ec580000)
 ParOldGen       total 137728K, used 118698K [0x00000000a0000000, 0x00000000a8680000, 0x00000000e0000000)
  object space 137728K, 86% used [0x00000000a0000000,0x00000000a73eab90,0x00000000a8680000)
 Metaspace       used 66469K, capacity 69060K, committed 69248K, reserved 1110016K
  class space    used 8810K, capacity 9500K, committed 9600K, reserved 1048576K
}
Event: 279.535 GC heap before
{Heap before GC invocations=33 (full 5):
 PSYoungGen      total 202752K, used 17490K [0x00000000e0000000, 0x00000000ee800000, 0x0000000100000000)
  eden space 167936K, 0% used [0x00000000e0000000,0x00000000e0000000,0x00000000ea400000)
  from space 34816K, 50% used [0x00000000ec580000,0x00000000ed694808,0x00000000ee780000)
  to   space 34304K, 0% used [0x00000000ea400000,0x00000000ea400000,0x00000000ec580000)
 ParOldGen       total 137728K, used 118698K [0x00000000a0000000, 0x00000000a8680000, 0x00000000e0000000)
  object space 137728K, 86% used [0x00000000a0000000,0x00000000a73eab90,0x00000000a8680000)
 Metaspace       used 66469K, capacity 69060K, committed 69248K, reserved 1110016K
  class space    used 8810K, capacity 9500K, committed 9600K, reserved 1048576K
Event: 279.721 GC heap after
Heap after GC invocations=33 (full 5):
 PSYoungGen      total 202752K, used 0K [0x00000000e0000000, 0x00000000ee800000, 0x0000000100000000)
  eden space 167936K, 0% used [0x00000000e0000000,0x00000000e0000000,0x00000000ea400000)
  from space 34816K, 0% used [0x00000000ec580000,0x00000000ec580000,0x00000000ee780000)
  to   space 34304K, 0% used [0x00000000ea400000,0x00000000ea400000,0x00000000ec580000)
 ParOldGen       total 158208K, used 62924K [0x00000000a0000000, 0x00000000a9a80000, 0x00000000e0000000)
  object space 158208K, 39% used [0x00000000a0000000,0x00000000a3d73108,0x00000000a9a80000)
 Metaspace       used 64388K, capacity 66908K, committed 69248K, reserved 1110016K
  class space    used 8518K, capacity 9194K, committed 9600K, reserved 1048576K
}
Event: 281.803 GC heap before
{Heap before GC invocations=34 (full 5):
 PSYoungGen      total 202752K, used 167936K [0x00000000e0000000, 0x00000000ee800000, 0x0000000100000000)
  eden space 167936K, 100% used [0x00000000e0000000,0x00000000ea400000,0x00000000ea400000)
  from space 34816K, 0% used [0x00000000ec580000,0x00000000ec580000,0x00000000ee780000)
  to   space 34304K, 0% used [0x00000000ea400000,0x00000000ea400000,0x00000000ec580000)
 ParOldGen       total 158208K, used 62924K [0x00000000a0000000, 0x00000000a9a80000, 0x00000000e0000000)
  object space 158208K, 39% used [0x00000000a0000000,0x00000000a3d73108,0x00000000a9a80000)
 Metaspace       used 67242K, capacity 69796K, committed 70272K, reserved 1110016K
  class space    used 8765K, capacity 9430K, committed 9600K, reserved 1048576K
Event: 281.845 GC heap after
Heap after GC invocations=34 (full 5):
 PSYoungGen      total 202240K, used 29384K [0x00000000e0000000, 0x00000000f0c00000, 0x0000000100000000)
  eden space 167936K, 0% used [0x00000000e0000000,0x00000000e0000000,0x00000000ea400000)
  from space 34304K, 85% used [0x00000000ea400000,0x00000000ec0b2068,0x00000000ec580000)
  to   space 38400K, 0% used [0x00000000ee680000,0x00000000ee680000,0x00000000f0c00000)
 ParOldGen       total 158208K, used 62932K [0x00000000a0000000, 0x00000000a9a80000, 0x00000000e0000000)
  object space 158208K, 39% used [0x00000000a0000000,0x00000000a3d75108,0x00000000a9a80000)
 Metaspace       used 67242K, capacity 69796K, committed 70272K, reserved 1110016K
  class space    used 8765K, capacity 9430K, committed 9600K, reserved 1048576K
}

